<?xml version="1.0" encoding="UTF-8"?>
<!-- Generated by org.testng.reporters.JUnitReportReporter -->
<testsuite hostname="amandeep" name="com.is.automation.test.CreateNewShopifyStore" tests="1" failures="0" timestamp="3 Jul 2019 09:00:28 GMT" time="189.369" errors="0">
  <testcase name="createNewShopifyStore" time="189.369" classname="com.is.automation.test.CreateNewShopifyStore"/>
</testsuite> <!-- com.is.automation.test.CreateNewShopifyStore -->
