<?xml version="1.0" encoding="UTF-8"?>
<!-- Generated by org.testng.reporters.JUnitReportReporter -->
<testsuite hostname="amandeep" name="com.is.automation.test.NewTest" tests="1" failures="0" timestamp="1 Jun 2019 08:12:08 GMT" time="6.459" errors="0">
  <testcase name="login" time="6.459" classname="com.is.automation.test.NewTest"/>
</testsuite> <!-- com.is.automation.test.NewTest -->
