<?xml version="1.0" encoding="UTF-8"?>
<!-- Generated by org.testng.reporters.JUnitReportReporter -->
<testsuite hostname="amandeep" name="com.is.automation.test.SearchProduct" tests="1" failures="0" timestamp="17 Jun 2019 06:55:04 GMT" time="12.000" errors="0">
  <testcase name="login" time="12.000" classname="com.is.automation.test.SearchProduct"/>
</testsuite> <!-- com.is.automation.test.SearchProduct -->
