<?xml version="1.0" encoding="UTF-8"?>
<!-- Generated by org.testng.reporters.JUnitReportReporter -->
<testsuite hostname="amandeep" name="com.is.automation.test.DownloadURL" tests="1" failures="0" timestamp="25 Jun 2019 05:29:39 GMT" time="5775.263" errors="0">
  <testcase name="downloadURl" time="5775.263" classname="com.is.automation.test.DownloadURL"/>
</testsuite> <!-- com.is.automation.test.DownloadURL -->
