<?xml version="1.0" encoding="UTF-8"?>
<!-- Generated by org.testng.reporters.JUnitReportReporter -->
<testsuite hostname="amandeep" name="com.is.automation.test.Script1" tests="1" failures="0" timestamp="1 Jun 2019 08:44:13 GMT" time="10.297" errors="0">
  <testcase name="login" time="10.297" classname="com.is.automation.test.Script1"/>
</testsuite> <!-- com.is.automation.test.Script1 -->
